[2021-03-16T10:09:04.894] [DEBUG] cheese - login => username:root,password:root
[2021-03-16T10:09:04.895] [DEBUG] cheese - root
[2021-03-16T10:09:04.910] [DEBUG] cheese - null
[2021-03-16T10:09:04.911] [DEBUG] cheese - null
[2021-03-16T10:09:38.929] [DEBUG] cheese - login => username:root,password:root
[2021-03-16T10:09:38.929] [DEBUG] cheese - root
[2021-03-16T10:09:38.932] [DEBUG] cheese - null
[2021-03-16T10:09:38.932] [DEBUG] cheese - null
[2021-03-17T10:27:15.343] [DEBUG] cheese - login => username:root,password:root
[2021-03-17T10:27:15.346] [DEBUG] cheese - root
[2021-03-17T10:27:15.358] [DEBUG] cheese - null
[2021-03-17T10:27:15.358] [DEBUG] cheese - null
[2021-03-17T10:48:48.082] [DEBUG] cheese - login => username:root,password:root
[2021-03-17T10:48:48.083] [DEBUG] cheese - root
[2021-03-17T10:48:48.088] [DEBUG] cheese - null
[2021-03-17T10:48:48.088] [DEBUG] cheese - null
[2021-03-18T10:06:54.657] [DEBUG] cheese - login => username:root,password:root
[2021-03-18T10:06:54.660] [DEBUG] cheese - root
[2021-03-18T10:06:54.672] [DEBUG] cheese - null
[2021-03-18T10:06:54.673] [DEBUG] cheese - null
[2021-03-21T02:13:51.812] [DEBUG] cheese - login => username:root,password:root
[2021-03-21T02:13:51.813] [DEBUG] cheese - root
[2021-03-21T02:13:51.830] [DEBUG] cheese - null
[2021-03-21T02:13:51.830] [DEBUG] cheese - null
[2021-03-21T03:44:15.059] [DEBUG] cheese - login => username:root,password:root
[2021-03-21T03:44:15.061] [DEBUG] cheese - root
[2021-03-21T03:44:15.065] [DEBUG] cheese - null
[2021-03-21T03:44:15.066] [DEBUG] cheese - null
[2021-03-21T04:06:11.545] [DEBUG] cheese - login => username:root,password:root
[2021-03-21T04:06:11.547] [DEBUG] cheese - root
[2021-03-21T04:06:11.551] [DEBUG] cheese - null
[2021-03-21T04:06:11.552] [DEBUG] cheese - null
[2021-03-21T08:39:59.964] [DEBUG] cheese - null
[2021-03-21T08:43:19.311] [DEBUG] cheese - null
[2021-03-22T19:17:25.153] [DEBUG] cheese - login => username:root,password:root
[2021-03-22T19:17:25.155] [DEBUG] cheese - root
[2021-03-22T19:17:25.172] [DEBUG] cheese - null
[2021-03-22T19:17:25.173] [DEBUG] cheese - null
[2021-03-22T19:17:45.448] [DEBUG] cheese - null
[2021-03-22T19:18:12.577] [DEBUG] cheese - null
[2021-03-22T19:18:14.027] [DEBUG] cheese - null
[2021-03-22T19:18:42.522] [DEBUG] cheese - null
[2021-03-22T19:23:16.157] [DEBUG] cheese - null
[2021-03-22T19:23:35.031] [DEBUG] cheese - null
[2021-03-22T19:24:15.128] [DEBUG] cheese - login => username:root,password:root
[2021-03-22T19:24:15.130] [DEBUG] cheese - root
[2021-03-22T19:24:15.142] [DEBUG] cheese - null
[2021-03-22T19:24:15.142] [DEBUG] cheese - null
[2021-03-22T19:24:28.335] [DEBUG] cheese - null
[2021-03-23T19:18:29.206] [DEBUG] cheese - login => username:root,password:root
[2021-03-23T19:18:29.208] [DEBUG] cheese - root
[2021-03-23T19:18:29.223] [DEBUG] cheese - null
[2021-03-23T19:18:29.224] [DEBUG] cheese - null
[2021-03-23T19:18:44.893] [DEBUG] cheese - null
[2021-03-23T19:18:46.001] [DEBUG] cheese - null
[2021-03-23T19:19:37.007] [DEBUG] cheese - null
[2021-03-23T19:20:31.375] [DEBUG] cheese - null
[2021-03-23T19:21:25.988] [DEBUG] cheese - null
[2021-03-29T02:05:50.359] [DEBUG] cheese - login => username:root,password:root
[2021-03-29T02:05:50.360] [DEBUG] cheese - root
[2021-03-29T02:05:50.376] [DEBUG] cheese - null
[2021-03-29T02:05:50.376] [DEBUG] cheese - null
[2021-03-30T00:54:56.455] [DEBUG] cheese - login => username:root,password:root
[2021-03-30T00:54:56.456] [DEBUG] cheese - root
[2021-03-30T00:54:56.470] [DEBUG] cheese - null
[2021-03-30T00:54:56.470] [DEBUG] cheese - null
[2021-04-07T08:33:38.549] [DEBUG] cheese - login => username:root,password:root
[2021-04-07T08:33:38.550] [DEBUG] cheese - root
[2021-04-07T08:33:38.599] [DEBUG] cheese - null
[2021-04-07T08:33:38.600] [DEBUG] cheese - null
[2021-04-07T08:34:59.145] [DEBUG] cheese - null
[2021-04-07T10:37:40.990] [DEBUG] cheese - login => username:root,password:root
[2021-04-07T10:37:40.992] [DEBUG] cheese - root
[2021-04-07T10:37:40.996] [DEBUG] cheese - null
[2021-04-07T10:37:40.997] [DEBUG] cheese - null
[2021-04-07T10:39:24.277] [DEBUG] cheese - login => username:root,password:root
[2021-04-07T10:39:24.279] [DEBUG] cheese - root
[2021-04-07T10:39:24.283] [DEBUG] cheese - null
[2021-04-07T10:39:24.284] [DEBUG] cheese - null
[2021-04-13T12:04:29.666] [DEBUG] cheese - login => username:root,password:root
[2021-04-13T12:04:29.668] [DEBUG] cheese - root
[2021-04-13T12:04:29.779] [DEBUG] cheese - null
[2021-04-13T12:04:29.779] [DEBUG] cheese - null
[2021-04-16T16:11:29.615] [DEBUG] cheese - login => username:root,password:root
[2021-04-16T16:11:29.616] [DEBUG] cheese - root
[2021-04-16T16:11:29.630] [DEBUG] cheese - null
[2021-04-16T16:11:29.631] [DEBUG] cheese - null
[2021-04-16T18:16:30.486] [DEBUG] cheese - login => username:root,password:root
[2021-04-16T18:16:30.489] [DEBUG] cheese - root
[2021-04-16T18:16:30.493] [DEBUG] cheese - null
[2021-04-16T18:16:30.494] [DEBUG] cheese - null
[2021-04-16T18:18:07.728] [DEBUG] cheese - login => username:root,password:root
[2021-04-16T18:18:07.729] [DEBUG] cheese - root
[2021-04-16T18:18:07.731] [DEBUG] cheese - null
[2021-04-16T18:18:07.731] [DEBUG] cheese - null
[2021-04-17T16:12:38.990] [DEBUG] cheese - login => username:root,password:root
[2021-04-17T16:12:38.991] [DEBUG] cheese - root
[2021-04-17T16:12:38.997] [DEBUG] cheese - null
[2021-04-17T16:12:38.998] [DEBUG] cheese - null
[2021-04-17T17:09:04.384] [DEBUG] cheese - login => username:root,password:root
[2021-04-17T17:09:04.387] [DEBUG] cheese - root
[2021-04-17T17:09:04.391] [DEBUG] cheese - null
[2021-04-17T17:09:04.392] [DEBUG] cheese - null
[2021-04-17T17:10:38.862] [DEBUG] cheese - login => username:root,password:root
[2021-04-17T17:10:38.862] [DEBUG] cheese - root
[2021-04-17T17:10:38.865] [DEBUG] cheese - null
[2021-04-17T17:10:38.865] [DEBUG] cheese - null
[2021-04-17T17:10:51.501] [DEBUG] cheese - login => username:root,password:root
[2021-04-17T17:10:51.501] [DEBUG] cheese - root
[2021-04-17T17:10:51.505] [DEBUG] cheese - null
[2021-04-17T17:10:51.505] [DEBUG] cheese - null
[2021-04-17T17:12:31.486] [DEBUG] cheese - login => username:root,password:root
[2021-04-17T17:12:31.487] [DEBUG] cheese - root
[2021-04-17T17:12:31.490] [DEBUG] cheese - null
[2021-04-17T17:12:31.490] [DEBUG] cheese - null
[2021-04-18T12:34:38.065] [DEBUG] cheese - login => username:root,password:root
[2021-04-18T12:34:38.068] [DEBUG] cheese - root
[2021-04-18T12:34:38.082] [DEBUG] cheese - null
[2021-04-18T12:34:38.083] [DEBUG] cheese - null
[2021-04-18T14:56:05.386] [DEBUG] cheese - login => username:root,password:root
[2021-04-18T14:56:05.388] [DEBUG] cheese - root
[2021-04-18T14:56:05.406] [DEBUG] cheese - null
[2021-04-18T14:56:05.407] [DEBUG] cheese - null
[2021-04-18T14:57:18.557] [DEBUG] cheese - login => username:root,password:root
[2021-04-18T14:57:18.558] [DEBUG] cheese - root
[2021-04-18T14:57:18.561] [DEBUG] cheese - null
[2021-04-18T14:57:18.561] [DEBUG] cheese - null
[2021-04-18T14:57:27.760] [DEBUG] cheese - login => username:root,password:root
[2021-04-18T14:57:27.760] [DEBUG] cheese - root
[2021-04-18T14:57:27.762] [DEBUG] cheese - null
[2021-04-18T14:57:27.762] [DEBUG] cheese - null
[2021-04-18T19:09:14.127] [DEBUG] cheese - login => username:root,password:root
[2021-04-18T19:09:14.128] [DEBUG] cheese - root
[2021-04-18T19:09:14.143] [DEBUG] cheese - null
[2021-04-18T19:09:14.144] [DEBUG] cheese - null
[2021-04-18T19:09:27.617] [DEBUG] cheese - login => username:root,password:root
[2021-04-18T19:09:27.618] [DEBUG] cheese - root
[2021-04-18T19:09:27.620] [DEBUG] cheese - null
[2021-04-18T19:09:27.620] [DEBUG] cheese - null
[2021-04-19T11:33:07.252] [DEBUG] cheese - login => username:root,password:root
[2021-04-19T11:33:07.255] [DEBUG] cheese - root
[2021-04-19T11:33:07.306] [DEBUG] cheese - null
[2021-04-19T11:33:07.306] [DEBUG] cheese - null
[2021-04-21T17:15:30.795] [DEBUG] cheese - login => username:root,password:root
[2021-04-21T17:15:30.797] [DEBUG] cheese - root
[2021-04-21T17:15:30.813] [DEBUG] cheese - null
[2021-04-21T17:15:30.814] [DEBUG] cheese - null
[2021-04-21T17:33:30.679] [DEBUG] cheese - login => username:root,password:root
[2021-04-21T17:33:30.682] [DEBUG] cheese - root
[2021-04-21T17:33:30.685] [DEBUG] cheese - null
[2021-04-21T17:33:30.686] [DEBUG] cheese - null
[2021-04-21T17:34:08.967] [DEBUG] cheese - login => username:root,password:root
[2021-04-21T17:34:08.968] [DEBUG] cheese - root
[2021-04-21T17:34:08.971] [DEBUG] cheese - null
[2021-04-21T17:34:08.971] [DEBUG] cheese - null
[2021-04-21T17:36:17.947] [DEBUG] cheese - login => username:root,password:root
[2021-04-21T17:36:17.947] [DEBUG] cheese - root
[2021-04-21T17:36:17.950] [DEBUG] cheese - null
[2021-04-21T17:36:17.950] [DEBUG] cheese - null
[2021-04-21T17:36:25.669] [DEBUG] cheese - login => username:jack,password:jack
[2021-04-21T17:36:25.670] [DEBUG] cheese - jack
[2021-04-21T17:36:25.671] [DEBUG] cheese - null
[2021-04-21T17:36:25.671] [DEBUG] cheese - null
[2021-04-21T17:36:27.663] [DEBUG] cheese - null
[2021-04-21T17:36:27.668] [DEBUG] cheese - null
[2021-04-21T17:38:08.903] [DEBUG] cheese - login => username:root,password:root
[2021-04-21T17:38:08.904] [DEBUG] cheese - root
[2021-04-21T17:38:08.906] [DEBUG] cheese - null
[2021-04-21T17:38:08.906] [DEBUG] cheese - null
[2021-04-21T18:13:45.084] [DEBUG] cheese - login => username:root,password:root
[2021-04-21T18:13:45.084] [DEBUG] cheese - root
[2021-04-21T18:13:45.086] [DEBUG] cheese - null
[2021-04-21T18:13:45.086] [DEBUG] cheese - null
[2021-04-21T18:31:44.478] [DEBUG] cheese - login => username:root,password:root
[2021-04-21T18:31:44.479] [DEBUG] cheese - root
[2021-04-21T18:31:44.497] [DEBUG] cheese - null
[2021-04-21T18:31:44.498] [DEBUG] cheese - null
[2021-04-21T20:02:02.782] [DEBUG] cheese - login => username:root,password:root
[2021-04-21T20:02:02.783] [DEBUG] cheese - root
[2021-04-21T20:02:02.787] [DEBUG] cheese - null
[2021-04-21T20:02:02.787] [DEBUG] cheese - null
[2021-04-21T20:07:01.886] [DEBUG] cheese - login => username:root,password:root
[2021-04-21T20:07:01.887] [DEBUG] cheese - root
[2021-04-21T20:07:01.892] [DEBUG] cheese - null
[2021-04-21T20:07:01.893] [DEBUG] cheese - null
[2021-04-21T20:08:19.909] [DEBUG] cheese - login => username:root,password:root
[2021-04-21T20:08:19.910] [DEBUG] cheese - root
[2021-04-21T20:08:19.919] [DEBUG] cheese - null
[2021-04-21T20:08:19.920] [DEBUG] cheese - null
[2021-04-21T20:09:49.527] [DEBUG] cheese - login => username:root,password:root
[2021-04-21T20:09:49.527] [DEBUG] cheese - root
[2021-04-21T20:09:49.530] [DEBUG] cheese - null
[2021-04-21T20:09:49.530] [DEBUG] cheese - null
[2021-04-21T20:19:04.051] [DEBUG] cheese - login => username:root,password:root
[2021-04-21T20:19:04.053] [DEBUG] cheese - root
[2021-04-21T20:19:04.060] [DEBUG] cheese - null
[2021-04-21T20:19:04.061] [DEBUG] cheese - null
[2021-04-21T20:21:34.390] [DEBUG] cheese - login => username:root,password:root
[2021-04-21T20:21:34.391] [DEBUG] cheese - root
[2021-04-21T20:21:34.395] [DEBUG] cheese - null
[2021-04-21T20:21:34.396] [DEBUG] cheese - null
[2021-04-21T22:21:48.983] [DEBUG] cheese - login => username:root,password:root
[2021-04-21T22:21:48.985] [DEBUG] cheese - root
[2021-04-21T22:21:48.989] [DEBUG] cheese - null
[2021-04-21T22:21:48.990] [DEBUG] cheese - null
[2021-04-21T22:39:01.022] [DEBUG] cheese - login => username:root,password:root
[2021-04-21T22:39:01.023] [DEBUG] cheese - root
[2021-04-21T22:39:01.027] [DEBUG] cheese - null
[2021-04-21T22:39:01.028] [DEBUG] cheese - null
[2021-04-22T10:39:42.539] [DEBUG] cheese - login => username:root,password:root
[2021-04-22T10:39:42.542] [DEBUG] cheese - root
[2021-04-22T10:39:42.558] [DEBUG] cheese - null
[2021-04-22T10:39:42.559] [DEBUG] cheese - null
[2021-04-22T11:02:57.790] [DEBUG] cheese - login => username:root,password:root
[2021-04-22T11:02:57.792] [DEBUG] cheese - root
[2021-04-22T11:02:57.798] [DEBUG] cheese - null
[2021-04-22T11:02:57.799] [DEBUG] cheese - null
[2021-04-22T11:07:03.018] [DEBUG] cheese - login => username:root,password:root
[2021-04-22T11:07:03.018] [DEBUG] cheese - root
[2021-04-22T11:07:03.022] [DEBUG] cheese - null
[2021-04-22T11:07:03.022] [DEBUG] cheese - null
[2021-04-22T11:09:28.578] [DEBUG] cheese - login => username:root,password:root
[2021-04-22T11:09:28.578] [DEBUG] cheese - root
[2021-04-22T11:09:28.580] [DEBUG] cheese - null
[2021-04-22T11:09:28.580] [DEBUG] cheese - null
[2021-04-22T11:12:07.364] [DEBUG] cheese - login => username:root,password:root
[2021-04-22T11:12:07.364] [DEBUG] cheese - root
[2021-04-22T11:12:07.367] [DEBUG] cheese - null
[2021-04-22T11:12:07.368] [DEBUG] cheese - null
[2021-04-22T11:18:19.292] [DEBUG] cheese - login => username:root,password:root
[2021-04-22T11:18:19.293] [DEBUG] cheese - root
[2021-04-22T11:18:19.295] [DEBUG] cheese - null
[2021-04-22T11:18:19.295] [DEBUG] cheese - null
[2021-04-22T11:34:00.013] [DEBUG] cheese - login => username:root,password:root
[2021-04-22T11:34:00.013] [DEBUG] cheese - root
[2021-04-22T11:34:00.015] [DEBUG] cheese - null
[2021-04-22T11:34:00.016] [DEBUG] cheese - null
[2021-04-22T11:36:16.764] [DEBUG] cheese - login => username:root,password:root
[2021-04-22T11:36:16.766] [DEBUG] cheese - root
[2021-04-22T11:36:16.771] [DEBUG] cheese - null
[2021-04-22T11:36:16.771] [DEBUG] cheese - null
[2021-04-22T11:37:56.682] [DEBUG] cheese - login => username:root,password:root
[2021-04-22T11:37:56.682] [DEBUG] cheese - root
[2021-04-22T11:37:56.685] [DEBUG] cheese - null
[2021-04-22T11:37:56.685] [DEBUG] cheese - null
[2021-04-22T11:39:57.979] [DEBUG] cheese - login => username:root,password:root
[2021-04-22T11:39:57.981] [DEBUG] cheese - root
[2021-04-22T11:39:57.987] [DEBUG] cheese - null
[2021-04-22T11:39:57.989] [DEBUG] cheese - null
[2021-04-22T11:54:36.821] [DEBUG] cheese - login => username:root,password:root
[2021-04-22T11:54:36.824] [DEBUG] cheese - root
[2021-04-22T11:54:36.842] [DEBUG] cheese - null
[2021-04-22T11:54:36.842] [DEBUG] cheese - null
[2021-04-22T14:34:34.525] [DEBUG] cheese - login => username:root,password:root
[2021-04-22T14:34:34.526] [DEBUG] cheese - root
[2021-04-22T14:34:34.540] [DEBUG] cheese - null
[2021-04-22T14:34:34.540] [DEBUG] cheese - null
[2021-04-22T14:36:22.865] [DEBUG] cheese - login => username:root,password:root
[2021-04-22T14:36:22.867] [DEBUG] cheese - root
[2021-04-22T14:36:22.878] [DEBUG] cheese - null
[2021-04-22T14:36:22.878] [DEBUG] cheese - null
